[debug] [2023-06-28T07:43:19.451Z] ----------------------------------------------------------------------
[debug] [2023-06-28T07:43:19.454Z] Command:       /usr/local/bin/node /usr/local/bin/firebase deploy
[debug] [2023-06-28T07:43:19.454Z] CLI Version:   11.28.0
[debug] [2023-06-28T07:43:19.455Z] Platform:      darwin
[debug] [2023-06-28T07:43:19.455Z] Node Version:  v16.16.0
[debug] [2023-06-28T07:43:19.463Z] Time:          Wed Jun 28 2023 10:43:19 GMT+0300 (East Africa Time)
[debug] [2023-06-28T07:43:19.463Z] ----------------------------------------------------------------------
[debug] 
[debug] [2023-06-28T07:43:19.562Z] > command requires scopes: ["email","openid","https://www.googleapis.com/auth/cloudplatformprojects.readonly","https://www.googleapis.com/auth/firebase","https://www.googleapis.com/auth/cloud-platform"]
[debug] [2023-06-28T07:43:19.563Z] > authorizing via signed-in user (coramayunus@gmail.com)
[debug] [2023-06-28T07:43:19.563Z] [iam] checking project tvws-security for permissions ["firebase.projects.get","firebasehosting.sites.update"]
[debug] [2023-06-28T07:43:19.565Z] > refreshing access token with scopes: []
[debug] [2023-06-28T07:43:19.567Z] >>> [apiv2][query] POST https://www.googleapis.com/oauth2/v3/token [none]
[debug] [2023-06-28T07:43:19.568Z] >>> [apiv2][body] POST https://www.googleapis.com/oauth2/v3/token [omitted]
[debug] [2023-06-28T07:43:20.731Z] <<< [apiv2][status] POST https://www.googleapis.com/oauth2/v3/token 200
[debug] [2023-06-28T07:43:20.731Z] <<< [apiv2][body] POST https://www.googleapis.com/oauth2/v3/token [omitted]
[debug] [2023-06-28T07:43:20.839Z] >>> [apiv2][query] POST https://cloudresourcemanager.googleapis.com/v1/projects/tvws-security:testIamPermissions [none]
[debug] [2023-06-28T07:43:20.840Z] >>> [apiv2][(partial)header] POST https://cloudresourcemanager.googleapis.com/v1/projects/tvws-security:testIamPermissions x-goog-quota-user=projects/tvws-security
[debug] [2023-06-28T07:43:20.840Z] >>> [apiv2][body] POST https://cloudresourcemanager.googleapis.com/v1/projects/tvws-security:testIamPermissions {"permissions":["firebase.projects.get","firebasehosting.sites.update"]}
[debug] [2023-06-28T07:43:23.341Z] <<< [apiv2][status] POST https://cloudresourcemanager.googleapis.com/v1/projects/tvws-security:testIamPermissions 200
[debug] [2023-06-28T07:43:23.342Z] <<< [apiv2][body] POST https://cloudresourcemanager.googleapis.com/v1/projects/tvws-security:testIamPermissions {"permissions":["firebase.projects.get","firebasehosting.sites.update"]}
[debug] [2023-06-28T07:43:23.344Z] >>> [apiv2][query] GET https://firebase.googleapis.com/v1beta1/projects/tvws-security [none]
[debug] [2023-06-28T07:43:53.348Z] Timeout reached making request to https://firebase.googleapis.com/v1beta1/projects/tvws-security
[debug] [2023-06-28T07:43:54.566Z] FirebaseError: Timeout reached making request to https://firebase.googleapis.com/v1beta1/projects/tvws-security
    at RetryOperation._fn (/usr/local/lib/node_modules/firebase-tools/lib/apiv2.js:238:35)
    at processTicksAndRejections (node:internal/process/task_queues:96:5)
[error] 
[error] Error: Failed to get Firebase project tvws-security. Please make sure the project exists and your account has permission to access it.
